.pkg: _optional_hooks> python /opt/stack/cinder/.tox/.tox/lib/python3.12/site-packages/pyproject_api/_backend.py True pbr.build
.pkg: get_requires_for_build_editable> python /opt/stack/cinder/.tox/.tox/lib/python3.12/site-packages/pyproject_api/_backend.py True pbr.build
.pkg: build_editable> python /opt/stack/cinder/.tox/.tox/lib/python3.12/site-packages/pyproject_api/_backend.py True pbr.build
py312: install_package> python -m pip install -chttps://releases.openstack.org/constraints/upper/master --force-reinstall --no-deps /opt/stack/cinder/.tox/.tmp/package/3/cinder-27.1.0.dev205-0.editable-py3-none-any.whl
py312: commands[0]> stestr run --random cinder.tests.unit.volume.drivers.test_pure
{6} cinder.tests.unit.volume.drivers.test_pure.PureBaseVolumeDriverTestCase.test_create_cloned_volume_with_cgroup [0.787538s] ... ok
{6} cinder.tests.unit.volume.drivers.test_pure.PureBaseVolumeDriverTestCase.test_create_consistencygroup [0.045083s] ... ok
{6} cinder.tests.unit.volume.drivers.test_pure.PureBaseVolumeDriverTestCase.test_create_volume_3 [0.065865s] ... ok
{6} cinder.tests.unit.volume.drivers.test_pure.PureBaseVolumeDriverTestCase.test_create_volume_from_snapshot_1 [0.094740s] ... ok
{6} cinder.tests.unit.volume.drivers.test_pure.PureBaseVolumeDriverTestCase.test_create_volume_from_snapshot_2 [0.093351s] ... ok
{6} cinder.tests.unit.volume.drivers.test_pure.PureBaseVolumeDriverTestCase.test_create_volume_from_snapshot_with_qos [0.130713s] ... ok
{6} cinder.tests.unit.volume.drivers.test_pure.PureBaseVolumeDriverTestCase.test_delete_volume [0.065019s] ... ok
{6} cinder.tests.unit.volume.drivers.test_pure.PureBaseVolumeDriverTestCase.test_does_pgroup_exist_exists [0.048093s] ... ok
{6} cinder.tests.unit.volume.drivers.test_pure.PureBaseVolumeDriverTestCase.test_find_async_failover_target_error_propagates_no_secondary [0.052733s] ... ok
{6} cinder.tests.unit.volume.drivers.test_pure.PureBaseVolumeDriverTestCase.test_find_sync_failover_target_fail_to_get_pod [0.057112s] ... ok
{6} cinder.tests.unit.volume.drivers.test_pure.PureBaseVolumeDriverTestCase.test_get_pgroup_snap_name [0.076140s] ... ok
{6} cinder.tests.unit.volume.drivers.test_pure.PureBaseVolumeDriverTestCase.test_get_qos_settings_invalid [0.089217s] ... ok
{6} cinder.tests.unit.volume.drivers.test_pure.PureBaseVolumeDriverTestCase.test_get_replication_type_from_vol_type_1 [0.081135s] ... ok
{6} cinder.tests.unit.volume.drivers.test_pure.PureBaseVolumeDriverTestCase.test_get_replication_type_from_vol_type_3 [0.080765s] ... ok
{6} cinder.tests.unit.volume.drivers.test_pure.PureBaseVolumeDriverTestCase.test_get_replication_type_from_vol_type_5 [0.077053s] ... ok
{6} cinder.tests.unit.volume.drivers.test_pure.PureBaseVolumeDriverTestCase.test_manage_existing_get_size [0.045250s] ... ok
{6} cinder.tests.unit.volume.drivers.test_pure.PureBaseVolumeDriverTestCase.test_manage_existing_snapshot_get_size_none_ref [0.044457s] ... ok
{0} cinder.tests.unit.volume.drivers.test_pure.PureBaseSharedDriverTestCase.test_for_user_agent [0.662647s] ... ok
{6} cinder.tests.unit.volume.drivers.test_pure.PureBaseVolumeDriverTestCase.test_retype_qos [0.081768s] ... ok
{0} cinder.tests.unit.volume.drivers.test_pure.PureBaseVolumeDriverGetCurrentArrayTestCase.test_get_current_array [0.051514s] ... ok
{0} cinder.tests.unit.volume.drivers.test_pure.PureBaseVolumeDriverTestCase.test_create_cloned_volume_qos_3 [0.068926s] ... ok
{6} cinder.tests.unit.volume.drivers.test_pure.PureBaseVolumeDriverTestCase.test_retype_replication_07 [0.098593s] ... ok
{0} cinder.tests.unit.volume.drivers.test_pure.PureBaseVolumeDriverTestCase.test_create_from_snap_in_vgroup [0.047914s] ... ok
{6} cinder.tests.unit.volume.drivers.test_pure.PureBaseVolumeDriverTestCase.test_retype_replication_10 [0.076727s] ... ok
{0} cinder.tests.unit.volume.drivers.test_pure.PureBaseVolumeDriverTestCase.test_delete_snapshot_error [0.053195s] ... ok
{0} cinder.tests.unit.volume.drivers.test_pure.PureBaseVolumeDriverTestCase.test_delete_volume_already_deleted [0.045559s] ... ok
{6} cinder.tests.unit.volume.drivers.test_pure.PureBaseVolumeDriverTestCase.test_retype_replication_13 [0.085097s] ... ok
{0} cinder.tests.unit.volume.drivers.test_pure.PureBaseVolumeDriverTestCase.test_disable_replication_already_disabled [0.059727s] ... ok
{0} cinder.tests.unit.volume.drivers.test_pure.PureBaseVolumeDriverTestCase.test_find_async_failover_target_no_pgsnap [0.046937s] ... ok
{6} cinder.tests.unit.volume.drivers.test_pure.PureBaseVolumeDriverTestCase.test_revert_to_snapshot_group [0.107587s] ... ok
{0} cinder.tests.unit.volume.drivers.test_pure.PureBaseVolumeDriverTestCase.test_get_pgroup_name_05 [0.057828s] ... ok
{6} cinder.tests.unit.volume.drivers.test_pure.PureBaseVolumeDriverTestCase.test_terminate_connection_uniform_ac_no_remote_hosts [0.064961s] ... ok
{0} cinder.tests.unit.volume.drivers.test_pure.PureBaseVolumeDriverTestCase.test_get_pgroup_name_10 [0.050959s] ... ok
{6} cinder.tests.unit.volume.drivers.test_pure.PureBaseVolumeDriverTestCase.test_unmanage_with_deleted_volume_error [0.057029s] ... ok
{0} cinder.tests.unit.volume.drivers.test_pure.PureBaseVolumeDriverTestCase.test_get_replication_type_from_vol_type_6 [0.049984s] ... ok
{6} cinder.tests.unit.volume.drivers.test_pure.PureBaseVolumeDriverTestCase.test_wait_until_source_array_allowed_not_ready [0.047356s] ... ok
{0} cinder.tests.unit.volume.drivers.test_pure.PureBaseVolumeDriverTestCase.test_manage_existing_snapshot_bad_ref [0.051442s] ... ok
{0} cinder.tests.unit.volume.drivers.test_pure.PureBaseVolumeDriverTestCase.test_manage_existing_snapshot_get_size_error_propagates [0.063945s] ... ok
{6} cinder.tests.unit.volume.drivers.test_pure.PureFCDriverTestCase.test_connect_wwn_already_in_use [0.096920s] ... ok
{0} cinder.tests.unit.volume.drivers.test_pure.PureBaseVolumeDriverTestCase.test_manage_existing_snapshot_none_ref [0.062727s] ... ok
{7} cinder.tests.unit.volume.drivers.test_pure.PureBaseVolumeDriverTestCase.test_create_cloned_volume_and_extend [0.694753s] ... ok
{0} cinder.tests.unit.volume.drivers.test_pure.PureBaseVolumeDriverTestCase.test_manage_existing_snapshot_ref_not_exist [0.053927s] ... ok
{6} cinder.tests.unit.volume.drivers.test_pure.PureFCDriverTestCase.test_initialize_connection [0.102497s] ... ok
{7} cinder.tests.unit.volume.drivers.test_pure.PureBaseVolumeDriverTestCase.test_create_cloned_volume_sync_rep [0.056153s] ... ok
{0} cinder.tests.unit.volume.drivers.test_pure.PureBaseVolumeDriverTestCase.test_parse_replication_configs_single_async_target [0.062265s] ... ok
{6} cinder.tests.unit.volume.drivers.test_pure.PureISCSIDriverTestCase.test_connect_already_connected [0.094335s] ... ok
{7} cinder.tests.unit.volume.drivers.test_pure.PureBaseVolumeDriverTestCase.test_create_consistencygroup_from_cg [0.066103s] ... ok
{0} cinder.tests.unit.volume.drivers.test_pure.PureBaseVolumeDriverTestCase.test_retype_replication_09 [0.079642s] ... ok
{7} cinder.tests.unit.volume.drivers.test_pure.PureBaseVolumeDriverTestCase.test_create_consistencygroup_in_pod [0.051960s] ... ok
{4} cinder.tests.unit.volume.drivers.test_pure.PureBaseVolumeDriverTestCase.test_create_cgsnapshot [0.829375s] ... ok
{6} cinder.tests.unit.volume.drivers.test_pure.PureISCSIDriverTestCase.test_get_chap_credentials_create_new [0.091258s] ... ok
{7} cinder.tests.unit.volume.drivers.test_pure.PureBaseVolumeDriverTestCase.test_create_volume_2 [0.063162s] ... ok
{0} cinder.tests.unit.volume.drivers.test_pure.PureBaseVolumeDriverTestCase.test_retype_replication_11 [0.104404s] ... ok
{4} cinder.tests.unit.volume.drivers.test_pure.PureBaseVolumeDriverTestCase.test_create_consistencygroup_from_cgsnapshot [0.065687s] ... ok
{6} cinder.tests.unit.volume.drivers.test_pure.PureISCSIDriverTestCase.test_initialize_connection [0.097333s] ... ok
{7} cinder.tests.unit.volume.drivers.test_pure.PureBaseVolumeDriverTestCase.test_create_volume_from_snapshot_4 [0.072870s] ... ok
{4} cinder.tests.unit.volume.drivers.test_pure.PureBaseVolumeDriverTestCase.test_create_volume_from_snapshot_3 [0.070312s] ... ok
{0} cinder.tests.unit.volume.drivers.test_pure.PureBaseVolumeDriverTestCase.test_retype_replication_15 [0.115134s] ... ok
{7} cinder.tests.unit.volume.drivers.test_pure.PureBaseVolumeDriverTestCase.test_delete_not_connected_pod_volume [0.059575s] ... ok
{6} cinder.tests.unit.volume.drivers.test_pure.PureISCSIDriverTestCase.test_initialize_connection_multipath [0.081944s] ... ok
{4} cinder.tests.unit.volume.drivers.test_pure.PureBaseVolumeDriverTestCase.test_create_volume_replicated_async [0.067995s] ... ok
{7} cinder.tests.unit.volume.drivers.test_pure.PureBaseVolumeDriverTestCase.test_delete_volume_eradicate_now [0.067018s] ... ok
{6} cinder.tests.unit.volume.drivers.test_pure.PureNVMEDriverTestCase.test_connect [0.090149s] ... ok
{0} cinder.tests.unit.volume.drivers.test_pure.PureBaseVolumeDriverTestCase.test_revert_to_snapshot [0.104199s] ... ok
{7} cinder.tests.unit.volume.drivers.test_pure.PureBaseVolumeDriverTestCase.test_enable_async_replication_if_needed_error_propagates [0.084641s] ... ok
{4} cinder.tests.unit.volume.drivers.test_pure.PureBaseVolumeDriverTestCase.test_create_volume_with_qos_1 [0.157604s] ... ok
{6} cinder.tests.unit.volume.drivers.test_pure.PureNVMEDriverTestCase.test_get_nguid [0.097936s] ... ok
{0} cinder.tests.unit.volume.drivers.test_pure.PureBaseVolumeDriverTestCase.test_sync_retype_enable [0.106075s] ... ok
{7} cinder.tests.unit.volume.drivers.test_pure.PureBaseVolumeDriverTestCase.test_enable_sync_replication_sync [0.094083s] ... ok
{6} cinder.tests.unit.volume.drivers.test_pure.PureVolumeGroupsTestCase.test_create_group_with_cg [0.067637s] ... ok
{4} cinder.tests.unit.volume.drivers.test_pure.PureBaseVolumeDriverTestCase.test_delete_cgsnapshot_1 [0.114654s] ... ok
{0} cinder.tests.unit.volume.drivers.test_pure.PureBaseVolumeDriverTestCase.test_update_provider_info_update_all [0.100438s] ... ok
{6} cinder.tests.unit.volume.drivers.test_pure.PureVolumeGroupsTestCase.test_update_group [0.045852s] ... ok
{7} cinder.tests.unit.volume.drivers.test_pure.PureBaseVolumeDriverTestCase.test_find_async_failover_target [0.108801s] ... ok
{6} cinder.tests.unit.volume.drivers.test_pure.PureVolumeUpdateStatsTestCase.test_get_thin_provisioning_2 [0.048390s] ... ok
{4} cinder.tests.unit.volume.drivers.test_pure.PureBaseVolumeDriverTestCase.test_delete_cgsnapshot_eradicate_now [0.073155s] ... ok
{0} cinder.tests.unit.volume.drivers.test_pure.PureBaseVolumeDriverTestCase.test_wait_until_target_group_setting_propagates_not_ready [0.088345s] ... ok
{7} cinder.tests.unit.volume.drivers.test_pure.PureBaseVolumeDriverTestCase.test_find_async_failover_target_no_repl_targets [0.086802s] ... ok
{4} cinder.tests.unit.volume.drivers.test_pure.PureBaseVolumeDriverTestCase.test_delete_vgroup_if_empty [0.104033s] ... ok
{0} cinder.tests.unit.volume.drivers.test_pure.PureFCDriverTestCase.test_connect_already_connected_list_hosts_exception [0.106259s] ... ok
{7} cinder.tests.unit.volume.drivers.test_pure.PureBaseVolumeDriverTestCase.test_find_sync_failover_target_pod_status_error [0.094562s] ... ok
{4} cinder.tests.unit.volume.drivers.test_pure.PureBaseVolumeDriverTestCase.test_disable_sync_replication_if_needed [0.072287s] ... ok
{0} cinder.tests.unit.volume.drivers.test_pure.PureISCSIDriverTestCase.test_initialize_connection_uniform_ac_cidr [0.107542s] ... ok
{4} cinder.tests.unit.volume.drivers.test_pure.PureBaseVolumeDriverTestCase.test_does_pgroup_exist_not_exists [0.054793s] ... ok
{7} cinder.tests.unit.volume.drivers.test_pure.PureBaseVolumeDriverTestCase.test_get_pgroup_name_04 [0.081815s] ... ok
{4} cinder.tests.unit.volume.drivers.test_pure.PureBaseVolumeDriverTestCase.test_enable_async_replication_if_needed_success [0.063805s] ... ok
{7} cinder.tests.unit.volume.drivers.test_pure.PureBaseVolumeDriverTestCase.test_get_pgroup_name_06 [0.087134s] ... ok
{0} cinder.tests.unit.volume.drivers.test_pure.PureNVMEDriverTestCase.test_connect_nqn_already_in_use [0.107679s] ... ok
{7} cinder.tests.unit.volume.drivers.test_pure.PureBaseVolumeDriverTestCase.test_get_pgroup_name_07 [0.057638s] ... ok
{4} cinder.tests.unit.volume.drivers.test_pure.PureBaseVolumeDriverTestCase.test_enable_sync_replication_if_needed [0.093166s] ... ok
{0} cinder.tests.unit.volume.drivers.test_pure.PureNVMEDriverTestCase.test_get_target_nvme_ports [0.089628s] ... ok
{7} cinder.tests.unit.volume.drivers.test_pure.PureBaseVolumeDriverTestCase.test_get_pgroups [0.050804s] ... ok
{7} cinder.tests.unit.volume.drivers.test_pure.PureBaseVolumeDriverTestCase.test_get_qos_settings_set_zeros [0.051775s] ... ok
{4} cinder.tests.unit.volume.drivers.test_pure.PureBaseVolumeDriverTestCase.test_failover_sync [0.099317s] ... ok
{0} cinder.tests.unit.volume.drivers.test_pure.PureNVMEDriverTestCase.test_initialize_connection_ipv6 [0.091584s] ... ok
{7} cinder.tests.unit.volume.drivers.test_pure.PureBaseVolumeDriverTestCase.test_manage_existing_snapshot_get_size_bad_ref [0.056776s] ... ok
{0} cinder.tests.unit.volume.drivers.test_pure.PureVolumeUpdateStatsTestCase.test_for_user_agent [0.063269s] ... ok
{4} cinder.tests.unit.volume.drivers.test_pure.PureBaseVolumeDriverTestCase.test_get_pgroup_name_02 [0.105559s] ... ok
{7} cinder.tests.unit.volume.drivers.test_pure.PureBaseVolumeDriverTestCase.test_retype_replication_02 [0.058015s] ... ok
{0} cinder.tests.unit.volume.drivers.test_pure.PureVolumeUpdateStatsTestCase.test_get_replication_capability_1 [0.052272s] ... ok
{4} cinder.tests.unit.volume.drivers.test_pure.PureBaseVolumeDriverTestCase.test_get_pgroup_name_09 [0.055349s] ... ok
{7} cinder.tests.unit.volume.drivers.test_pure.PureBaseVolumeDriverTestCase.test_retype_replication_05 [0.065660s] ... ok
{0} cinder.tests.unit.volume.drivers.test_pure.PureVolumeUpdateStatsTestCase.test_get_replication_capability_2 [0.051355s] ... ok
{4} cinder.tests.unit.volume.drivers.test_pure.PureBaseVolumeDriverTestCase.test_get_qos_settings_from_specs_id [0.071144s] ... ok
{0} cinder.tests.unit.volume.drivers.test_pure.PureVolumeUpdateStatsTestCase.test_get_replication_capability_5 [0.058554s] ... ok
{7} cinder.tests.unit.volume.drivers.test_pure.PureBaseVolumeDriverTestCase.test_retype_replication_06 [0.098818s] ... ok
{4} cinder.tests.unit.volume.drivers.test_pure.PureBaseVolumeDriverTestCase.test_get_volume_type_extra_spec [0.089771s] ... ok
{7} cinder.tests.unit.volume.drivers.test_pure.PureBaseVolumeDriverTestCase.test_retype_replication_08 [0.087509s] ... ok
{4} cinder.tests.unit.volume.drivers.test_pure.PureBaseVolumeDriverTestCase.test_get_wwn [0.102078s] ... ok
{7} cinder.tests.unit.volume.drivers.test_pure.PureBaseVolumeDriverTestCase.test_terminate_connection_host_got_new_connections [0.092514s] ... ok
{4} cinder.tests.unit.volume.drivers.test_pure.PureBaseVolumeDriverTestCase.test_manage_existing [0.056615s] ... ok
{4} cinder.tests.unit.volume.drivers.test_pure.PureBaseVolumeDriverTestCase.test_manage_existing_snapshot_empty_ref [0.050899s] ... ok
{7} cinder.tests.unit.volume.drivers.test_pure.PureBaseVolumeDriverTestCase.test_unmanage [0.083360s] ... ok
{3} cinder.tests.unit.volume.drivers.test_pure.PureBaseVolumeDriverTestCase.test_async_failover_error_propagates [1.148432s] ... ok
{4} cinder.tests.unit.volume.drivers.test_pure.PureBaseVolumeDriverTestCase.test_manage_existing_snapshot_multiple_snaps_on_volume [0.055468s] ... ok
{3} cinder.tests.unit.volume.drivers.test_pure.PureBaseVolumeDriverTestCase.test_check_repl [0.061615s] ... ok
{7} cinder.tests.unit.volume.drivers.test_pure.PureBaseVolumeDriverTestCase.test_update_consistencygroup_no_vols [0.102317s] ... ok
{4} cinder.tests.unit.volume.drivers.test_pure.PureBaseVolumeDriverTestCase.test_manage_existing_with_connected_hosts [0.060844s] ... ok
{4} cinder.tests.unit.volume.drivers.test_pure.PureBaseVolumeDriverTestCase.test_retype_qos_reset_iops [0.051351s] ... ok
{3} cinder.tests.unit.volume.drivers.test_pure.PureBaseVolumeDriverTestCase.test_create_cloned_volume_qos_1 [0.089931s] ... ok
{7} cinder.tests.unit.volume.drivers.test_pure.PureFCDriverTestCase.test_connect [0.103404s] ... ok
{4} cinder.tests.unit.volume.drivers.test_pure.PureBaseVolumeDriverTestCase.test_safemode_check [0.052131s] ... ok
{3} cinder.tests.unit.volume.drivers.test_pure.PureBaseVolumeDriverTestCase.test_create_volume_4 [0.082505s] ... ok
{7} cinder.tests.unit.volume.drivers.test_pure.PureISCSIDriverTestCase.test_connect_already_connected_list_hosts_exception [0.081345s] ... ok
{4} cinder.tests.unit.volume.drivers.test_pure.PureBaseVolumeDriverTestCase.test_terminate_connection_no_connector_no_host [0.108729s] ... ok
{3} cinder.tests.unit.volume.drivers.test_pure.PureBaseVolumeDriverTestCase.test_create_volume_from_snapshot_with_extend [0.080714s] ... ok
{7} cinder.tests.unit.volume.drivers.test_pure.PureISCSIDriverTestCase.test_connect_iqn_already_in_use [0.063851s] ... ok
{3} cinder.tests.unit.volume.drivers.test_pure.PureBaseVolumeDriverTestCase.test_create_volume_replicated_sync [0.057936s] ... ok
{7} cinder.tests.unit.volume.drivers.test_pure.PureISCSIDriverTestCase.test_get_target_iscsi_ports_with_iscsi_and_fc [0.053128s] ... ok
{4} cinder.tests.unit.volume.drivers.test_pure.PureBaseVolumeDriverTestCase.test_unmanage_snapshot_2 [0.091741s] ... ok
{3} cinder.tests.unit.volume.drivers.test_pure.PureBaseVolumeDriverTestCase.test_delete_snapshot_eradicate_now [0.054744s] ... ok
{1} cinder.tests.unit.volume.drivers.test_pure.PureBaseVolumeDriverGetCurrentArrayTestCase.test_for_user_agent [1.297891s] ... ok
{7} cinder.tests.unit.volume.drivers.test_pure.PureNVMEDriverTestCase.test_connect_already_connected [0.069889s] ... ok
{3} cinder.tests.unit.volume.drivers.test_pure.PureBaseVolumeDriverTestCase.test_disable_async_replication_if_needed [0.054224s] ... ok
{7} cinder.tests.unit.volume.drivers.test_pure.PureNVMEDriverTestCase.test_connect_create_host_already_exists [0.062340s] ... ok
{5} cinder.tests.unit.volume.drivers.test_pure.PureBaseVolumeDriverTestCase.test__get_volume_type_extra_spec [1.112310s] ... ok
{4} cinder.tests.unit.volume.drivers.test_pure.PureBaseVolumeDriverTestCase.test_update_provider_info_update_some [0.121308s] ... ok
{3} cinder.tests.unit.volume.drivers.test_pure.PureBaseVolumeDriverTestCase.test_does_pgroup_exist_error_propagates [0.064944s] ... ok
{1} cinder.tests.unit.volume.drivers.test_pure.PureBaseVolumeDriverTestCase.test_create_volume_1 [0.100087s] ... ok
{7} cinder.tests.unit.volume.drivers.test_pure.PureVolumeGroupsTestCase.test_add_to_group_if_needed_with_cg [0.069189s] ... ok
{3} cinder.tests.unit.volume.drivers.test_pure.PureBaseVolumeDriverTestCase.test_find_sync_failover_target_success [0.051116s] ... ok
{4} cinder.tests.unit.volume.drivers.test_pure.PureBaseVolumeDriverTestCase.test_wait_until_target_group_setting_propagates_ready [0.084316s] ... ok
{5} cinder.tests.unit.volume.drivers.test_pure.PureBaseVolumeDriverTestCase.test_create_cloned_volume [0.092989s] ... ok
{7} cinder.tests.unit.volume.drivers.test_pure.PureVolumeGroupsTestCase.test_create_group_snapshot [0.057731s] ... ok
{3} cinder.tests.unit.volume.drivers.test_pure.PureBaseVolumeDriverTestCase.test_get_flasharray_verify_https [0.052605s] ... ok
{1} cinder.tests.unit.volume.drivers.test_pure.PureBaseVolumeDriverTestCase.test_create_volume_from_cgsnapshot [0.109855s] ... ok
{4} cinder.tests.unit.volume.drivers.test_pure.PureFCDriverTestCase.test_for_user_agent [0.067610s] ... ok
{5} cinder.tests.unit.volume.drivers.test_pure.PureBaseVolumeDriverTestCase.test_create_cloned_volume_qos_2 [0.082420s] ... ok
{7} cinder.tests.unit.volume.drivers.test_pure.PureVolumeGroupsTestCase.test_delete_group [0.065069s] ... ok
{1} cinder.tests.unit.volume.drivers.test_pure.PureBaseVolumeDriverTestCase.test_delete_cgsnapshot_2 [0.062749s] ... ok
{4} cinder.tests.unit.volume.drivers.test_pure.PureFCDriverTestCase.test_get_host [0.054571s] ... ok
{3} cinder.tests.unit.volume.drivers.test_pure.PureBaseVolumeDriverTestCase.test_get_manageable_snapshots [0.097394s] ... ok
{5} cinder.tests.unit.volume.drivers.test_pure.PureBaseVolumeDriverTestCase.test_create_in_vgroup [0.053334s] ... ok
{7} cinder.tests.unit.volume.drivers.test_pure.PureVolumeUpdateStatsTestCase.test_get_replication_capability_6 [0.050258s] ... ok
{1} cinder.tests.unit.volume.drivers.test_pure.PureBaseVolumeDriverTestCase.test_delete_connected_volume [0.055019s] ... ok
{4} cinder.tests.unit.volume.drivers.test_pure.PureFCDriverTestCase.test_get_host_uppercase_wwpn [0.056327s] ... ok
{7} cinder.tests.unit.volume.drivers.test_pure.PureVolumeUpdateStatsTestCase.test_get_thin_provisioning_3 [0.049549s] ... ok
{5} cinder.tests.unit.volume.drivers.test_pure.PureBaseVolumeDriverTestCase.test_create_volume_from_snapshot_sync [0.061828s] ... ok
{4} cinder.tests.unit.volume.drivers.test_pure.PureISCSIDriverTestCase.test_connect_host_deleted [0.063355s] ... ok
{3} cinder.tests.unit.volume.drivers.test_pure.PureBaseVolumeDriverTestCase.test_get_manageable_snapshots_no_pure_snapshots [0.106267s] ... ok
{5} cinder.tests.unit.volume.drivers.test_pure.PureBaseVolumeDriverTestCase.test_delete_connected_pod_volume [0.061693s] ... ok
{4} cinder.tests.unit.volume.drivers.test_pure.PureVolumeGroupsTestCase.test_delete_group_with_cg [0.054670s] ... ok
{1} cinder.tests.unit.volume.drivers.test_pure.PureBaseVolumeDriverTestCase.test_delete_consistencygroup [0.134547s] ... ok
{5} cinder.tests.unit.volume.drivers.test_pure.PureBaseVolumeDriverTestCase.test_delete_snapshot [0.051345s] ... ok
{3} cinder.tests.unit.volume.drivers.test_pure.PureBaseVolumeDriverTestCase.test_get_manageable_volumes [0.099693s] ... ok
{4} cinder.tests.unit.volume.drivers.test_pure.PureVolumeUpdateStatsTestCase.test_get_replication_capability_4 [0.075524s] ... ok
{5} cinder.tests.unit.volume.drivers.test_pure.PureBaseVolumeDriverTestCase.test_disable_replication_success [0.050598s] ... ok
{1} cinder.tests.unit.volume.drivers.test_pure.PureBaseVolumeDriverTestCase.test_delete_volume_error [0.078129s] ... ok
{3} cinder.tests.unit.volume.drivers.test_pure.PureBaseVolumeDriverTestCase.test_get_manageable_volumes_no_hosts [0.072906s] ... ok
{4} cinder.tests.unit.volume.drivers.test_pure.PureVolumeUpdateStatsTestCase.test_get_volume_stats [0.064403s] ... ok
{1} cinder.tests.unit.volume.drivers.test_pure.PureBaseVolumeDriverTestCase.test_disable_sync_replication [0.081673s] ... ok
{5} cinder.tests.unit.volume.drivers.test_pure.PureBaseVolumeDriverTestCase.test_get_manageable_snapshots_already_managed [0.098571s] ... ok
{1} cinder.tests.unit.volume.drivers.test_pure.PureBaseVolumeDriverTestCase.test_enable_async_replication_if_needed_not_repl_type [0.058347s] ... ok
{3} cinder.tests.unit.volume.drivers.test_pure.PureBaseVolumeDriverTestCase.test_manage_existing_get_size_bad_ref [0.105813s] ... ok
{5} cinder.tests.unit.volume.drivers.test_pure.PureBaseVolumeDriverTestCase.test_get_pgroup_snap_name_from_snapshot [0.092788s] ... ok
{1} cinder.tests.unit.volume.drivers.test_pure.PureBaseVolumeDriverTestCase.test_enable_async_replication_if_needed_sync_skip [0.055168s] ... ok
{3} cinder.tests.unit.volume.drivers.test_pure.PureBaseVolumeDriverTestCase.test_manage_existing_snapshot_error_propagates [0.055758s] ... ok
{5} cinder.tests.unit.volume.drivers.test_pure.PureBaseVolumeDriverTestCase.test_get_qos_settings_from_extra_specs [0.048252s] ... ok
{3} cinder.tests.unit.volume.drivers.test_pure.PureBaseVolumeDriverTestCase.test_manage_existing_snapshot_get_size_empty_ref [0.055365s] ... ok
{1} cinder.tests.unit.volume.drivers.test_pure.PureBaseVolumeDriverTestCase.test_enable_sync_replication [0.063540s] ... ok
{5} cinder.tests.unit.volume.drivers.test_pure.PureBaseVolumeDriverTestCase.test_get_qos_settings_set_one [0.054539s] ... ok
{1} cinder.tests.unit.volume.drivers.test_pure.PureBaseVolumeDriverTestCase.test_failover_async [0.054468s] ... ok
{3} cinder.tests.unit.volume.drivers.test_pure.PureBaseVolumeDriverTestCase.test_parse_replication_configs_single_sync_target_uniform [0.069734s] ... ok
{5} cinder.tests.unit.volume.drivers.test_pure.PureBaseVolumeDriverTestCase.test_manage_existing_error_propagates [0.055890s] ... ok
{1} cinder.tests.unit.volume.drivers.test_pure.PureBaseVolumeDriverTestCase.test_for_user_agent [0.054967s] ... ok
{1} cinder.tests.unit.volume.drivers.test_pure.PureBaseVolumeDriverTestCase.test_get_manageable_volumes_no_pure_volumes [0.053466s] ... ok
{3} cinder.tests.unit.volume.drivers.test_pure.PureBaseVolumeDriverTestCase.test_retype_replication_03 [0.099719s] ... ok
{5} cinder.tests.unit.volume.drivers.test_pure.PureBaseVolumeDriverTestCase.test_manage_existing_get_size_error_propagates [0.051536s] ... ok
{1} cinder.tests.unit.volume.drivers.test_pure.PureBaseVolumeDriverTestCase.test_get_pgroup_name_03 [0.058456s] ... ok
{5} cinder.tests.unit.volume.drivers.test_pure.PureBaseVolumeDriverTestCase.test_manage_existing_snapshot_get_size_volume_ref_not_exist [0.063615s] ... ok
{5} cinder.tests.unit.volume.drivers.test_pure.PureBaseVolumeDriverTestCase.test_manage_existing_snapshot_volume_ref_not_exist [0.055647s] ... ok
{3} cinder.tests.unit.volume.drivers.test_pure.PureBaseVolumeDriverTestCase.test_terminate_connection_uniform_ac_remove_remote_hosts [0.118510s] ... ok
{1} cinder.tests.unit.volume.drivers.test_pure.PureBaseVolumeDriverTestCase.test_get_pgroup_name_08 [0.065957s] ... ok
{5} cinder.tests.unit.volume.drivers.test_pure.PureBaseVolumeDriverTestCase.test_parse_replication_configs_single_sync_target_non_uniform [0.056285s] ... ok
{3} cinder.tests.unit.volume.drivers.test_pure.PureBaseVolumeDriverTestCase.test_unmanage_snapshot_1 [0.054564s] ... ok
{5} cinder.tests.unit.volume.drivers.test_pure.PureBaseVolumeDriverTestCase.test_retype_replication_01 [0.062424s] ... ok
{1} cinder.tests.unit.volume.drivers.test_pure.PureBaseVolumeDriverTestCase.test_get_replication_type_from_vol_type_2 [0.074853s] ... ok
{3} cinder.tests.unit.volume.drivers.test_pure.PureBaseVolumeDriverTestCase.test_unmanage_snapshot_with_deleted_snapshot [0.057405s] ... ok
{1} cinder.tests.unit.volume.drivers.test_pure.PureBaseVolumeDriverTestCase.test_get_replication_type_from_vol_type_7 [0.058146s] ... ok
{3} cinder.tests.unit.volume.drivers.test_pure.PureFCDriverTestCase.test_connect_already_connected [0.064998s] ... ok
{5} cinder.tests.unit.volume.drivers.test_pure.PureBaseVolumeDriverTestCase.test_retype_replication_04 [0.102583s] ... ok
{1} cinder.tests.unit.volume.drivers.test_pure.PureBaseVolumeDriverTestCase.test_manage_existing_snapshot [0.055468s] ... ok
{3} cinder.tests.unit.volume.drivers.test_pure.PureFCDriverTestCase.test_connect_already_connected_list_hosts_empty [0.062741s] ... ok
{1} cinder.tests.unit.volume.drivers.test_pure.PureBaseVolumeDriverTestCase.test_parse_replication_configs_multiple_async_target [0.059309s] ... ok
{5} cinder.tests.unit.volume.drivers.test_pure.PureBaseVolumeDriverTestCase.test_retype_replication_14 [0.095816s] ... ok
{3} cinder.tests.unit.volume.drivers.test_pure.PureISCSIDriverTestCase.test_connect_create_host_already_exists [0.058164s] ... ok
{1} cinder.tests.unit.volume.drivers.test_pure.PureBaseVolumeDriverTestCase.test_retype_replication_12 [0.070820s] ... ok
{3} cinder.tests.unit.volume.drivers.test_pure.PureISCSIDriverTestCase.test_for_user_agent [0.064612s] ... ok
{2} cinder.tests.unit.volume.drivers.test_pure.PureBaseVolumeDriverTestCase.test_cleanup_ghostpod [1.002007s] ... ok
{5} cinder.tests.unit.volume.drivers.test_pure.PureBaseVolumeDriverTestCase.test_terminate_connection [0.091842s] ... ok
{1} cinder.tests.unit.volume.drivers.test_pure.PureBaseVolumeDriverTestCase.test_stretch_replica [0.064347s] ... ok
{3} cinder.tests.unit.volume.drivers.test_pure.PureISCSIDriverTestCase.test_get_host [0.056754s] ... ok
{2} cinder.tests.unit.volume.drivers.test_pure.PureBaseVolumeDriverTestCase.test_create_snapshot [0.056513s] ... ok
{5} cinder.tests.unit.volume.drivers.test_pure.PureBaseVolumeDriverTestCase.test_unmanage_error_propagates [0.068881s] ... ok
{1} cinder.tests.unit.volume.drivers.test_pure.PureBaseVolumeDriverTestCase.test_update_consistencygroup_no_add_vols [0.070327s] ... ok
{3} cinder.tests.unit.volume.drivers.test_pure.PureISCSIDriverTestCase.test_initialize_connection_ipv6 [0.055071s] ... ok
{2} cinder.tests.unit.volume.drivers.test_pure.PureBaseVolumeDriverTestCase.test_create_volume_group_if_not_exist [0.060236s] ... ok
{5} cinder.tests.unit.volume.drivers.test_pure.PureBaseVolumeDriverTestCase.test_unmanage_snapshot_error_propagates [0.073114s] ... ok
{1} cinder.tests.unit.volume.drivers.test_pure.PureBaseVolumeDriverTestCase.test_update_provider_info_no_updates [0.051101s] ... ok
{3} cinder.tests.unit.volume.drivers.test_pure.PureNVMEDriverTestCase.test_for_user_agent [0.056499s] ... ok
{2} cinder.tests.unit.volume.drivers.test_pure.PureBaseVolumeDriverTestCase.test_create_volume_with_qos_2 [0.074890s] ... ok
{1} cinder.tests.unit.volume.drivers.test_pure.PureDriverTestCase.test_for_user_agent [0.051391s] ... ok
{3} cinder.tests.unit.volume.drivers.test_pure.PureNVMEDriverTestCase.test_get_host [0.049726s] ... ok
{5} cinder.tests.unit.volume.drivers.test_pure.PureBaseVolumeDriverTestCase.test_unmanage_with_deleted_volume [0.081761s] ... ok
{2} cinder.tests.unit.volume.drivers.test_pure.PureBaseVolumeDriverTestCase.test_create_volume_with_qos_3 [0.071790s] ... ok
{1} cinder.tests.unit.volume.drivers.test_pure.PureFCDriverTestCase.test_initialize_connection_uniform_ac [0.067243s] ... ok
{3} cinder.tests.unit.volume.drivers.test_pure.PureNVMEDriverTestCase.test_get_target_nvme_ports_with_no_ports [0.052382s] ... ok
{5} cinder.tests.unit.volume.drivers.test_pure.PureBaseVolumeDriverTestCase.test_update_consistencygroup [0.083703s] ... ok
{2} cinder.tests.unit.volume.drivers.test_pure.PureBaseVolumeDriverTestCase.test_disable_replication_error_propagates [0.048939s] ... ok
{3} cinder.tests.unit.volume.drivers.test_pure.PureNVMEDriverTestCase.test_initialize_connection [0.061532s] ... ok
{1} cinder.tests.unit.volume.drivers.test_pure.PureFCDriverTestCase.test_terminate_connection_uniform_ac [0.061855s] ... ok
{2} cinder.tests.unit.volume.drivers.test_pure.PureBaseVolumeDriverTestCase.test_do_setup_replicated [0.054082s] ... ok
{3} cinder.tests.unit.volume.drivers.test_pure.PureVolumeGroupsTestCase.test_create_group [0.056544s] ... ok
{1} cinder.tests.unit.volume.drivers.test_pure.PureISCSIDriverTestCase.test_connect [0.062758s] ... ok
{5} cinder.tests.unit.volume.drivers.test_pure.PureBaseVolumeDriverTestCase.test_wait_for_stretch [0.088458s] ... ok
{2} cinder.tests.unit.volume.drivers.test_pure.PureBaseVolumeDriverTestCase.test_do_setup_replicated_sync_rep [0.060698s] ... ok
{3} cinder.tests.unit.volume.drivers.test_pure.PureVolumeGroupsTestCase.test_delete_group_snapshot_with_cg [0.057339s] ... ok
{5} cinder.tests.unit.volume.drivers.test_pure.PureISCSIDriverTestCase.test_get_target_iscsi_ports_with_no_ports [0.071834s] ... ok
{2} cinder.tests.unit.volume.drivers.test_pure.PureBaseVolumeDriverTestCase.test_extend_volume [0.049123s] ... ok
{1} cinder.tests.unit.volume.drivers.test_pure.PureISCSIDriverTestCase.test_connect_already_connected_list_hosts_empty [0.094696s] ... ok
{2} cinder.tests.unit.volume.drivers.test_pure.PureBaseVolumeDriverTestCase.test_find_async_failover_target_missing_pgsnap [0.045164s] ... ok
{1} cinder.tests.unit.volume.drivers.test_pure.PureISCSIDriverTestCase.test_get_target_iscsi_ports_with_only_fc_ports [0.080183s] ... ok
{5} cinder.tests.unit.volume.drivers.test_pure.PureISCSIDriverTestCase.test_initialize_connection_uniform_ac_cidrs [0.090692s] ... ok
{2} cinder.tests.unit.volume.drivers.test_pure.PureBaseVolumeDriverTestCase.test_find_sync_failover_target_no_ac_arrays [0.052902s] ... ok
{2} cinder.tests.unit.volume.drivers.test_pure.PureBaseVolumeDriverTestCase.test_generate_purity_host_name [0.053403s] ... ok
{5} cinder.tests.unit.volume.drivers.test_pure.PureNVMEDriverTestCase.test_initialize_connection_multipath [0.079831s] ... ok
{1} cinder.tests.unit.volume.drivers.test_pure.PureISCSIDriverTestCase.test_initialize_connection_uniform_ac [0.090346s] ... ok
{2} cinder.tests.unit.volume.drivers.test_pure.PureBaseVolumeDriverTestCase.test_get_manageable_volumes_already_managed [0.058653s] ... ok
{5} cinder.tests.unit.volume.drivers.test_pure.PureNVMEDriverTestCase.test_initialize_connection_uniform_ac [0.060311s] ... ok
{2} cinder.tests.unit.volume.drivers.test_pure.PureBaseVolumeDriverTestCase.test_get_manageable_volumes_connected_vol [0.053158s] ... ok
{1} cinder.tests.unit.volume.drivers.test_pure.PureNVMEDriverTestCase.test_initialize_connection_uniform_ac_cidrs [0.092333s] ... ok
{5} cinder.tests.unit.volume.drivers.test_pure.PureNVMEDriverTestCase.test_initialize_connection_uniform_ac_cidr [0.066516s] ... ok
{2} cinder.tests.unit.volume.drivers.test_pure.PureBaseVolumeDriverTestCase.test_get_pgroup_name_01 [0.051415s] ... ok
{5} cinder.tests.unit.volume.drivers.test_pure.PureVolumeGroupsTestCase.test_add_to_group_if_needed [0.053847s] ... ok
{1} cinder.tests.unit.volume.drivers.test_pure.PureVolumeGroupsTestCase.test_create_group_from_src_with_cg [0.075933s] ... ok
{2} cinder.tests.unit.volume.drivers.test_pure.PureBaseVolumeDriverTestCase.test_get_pgroup_name_11 [0.052676s] ... ok
{2} cinder.tests.unit.volume.drivers.test_pure.PureBaseVolumeDriverTestCase.test_get_pgroup_snap_suffix [0.048635s] ... ok
{5} cinder.tests.unit.volume.drivers.test_pure.PureVolumeGroupsTestCase.test_create_group_from_src [0.077651s] ... ok
{1} cinder.tests.unit.volume.drivers.test_pure.PureVolumeGroupsTestCase.test_update_group_with_cg [0.086464s] ... ok
{2} cinder.tests.unit.volume.drivers.test_pure.PureBaseVolumeDriverTestCase.test_get_replication_type_from_vol_type_4 [0.062062s] ... ok
{5} cinder.tests.unit.volume.drivers.test_pure.PureVolumeGroupsTestCase.test_delete_group_snapshot [0.087906s] ... ok
{2} cinder.tests.unit.volume.drivers.test_pure.PureBaseVolumeDriverTestCase.test_get_replication_type_from_vol_type_8 [0.072489s] ... ok
{5} cinder.tests.unit.volume.drivers.test_pure.PureVolumeUpdateStatsTestCase.test_get_replication_capability_3 [0.077016s] ... ok
{2} cinder.tests.unit.volume.drivers.test_pure.PureBaseVolumeDriverTestCase.test_manage_existing_bad_ref [0.071600s] ... ok
{5} cinder.tests.unit.volume.drivers.test_pure.PureVolumeUpdateStatsTestCase.test_get_thin_provisioning_1 [0.076173s] ... ok
{2} cinder.tests.unit.volume.drivers.test_pure.PureBaseVolumeDriverTestCase.test_manage_existing_snapshot_get_size [0.078851s] ... ok
{2} cinder.tests.unit.volume.drivers.test_pure.PureBaseVolumeDriverTestCase.test_manage_existing_with_qos [0.103596s] ... ok
{2} cinder.tests.unit.volume.drivers.test_pure.PureBaseVolumeDriverTestCase.test_terminate_connection_host_deleted [0.080673s] ... ok
{2} cinder.tests.unit.volume.drivers.test_pure.PureBaseVolumeDriverTestCase.test_terminate_connection_no_connector_with_host [0.075964s] ... ok
{2} cinder.tests.unit.volume.drivers.test_pure.PureBaseVolumeDriverTestCase.test_update_consistencygroup_no_remove_vols [0.087772s] ... ok
{2} cinder.tests.unit.volume.drivers.test_pure.PureBaseVolumeDriverTestCase.test_wait_until_source_array_allowed_ready [0.081169s] ... ok
{2} cinder.tests.unit.volume.drivers.test_pure.PureISCSIDriverTestCase.test_get_chap_credentials_create_new_fail_to_set [0.067704s] ... ok
{2} cinder.tests.unit.volume.drivers.test_pure.PureISCSIDriverTestCase.test_get_target_iscsi_ports [0.061241s] ... ok
{2} cinder.tests.unit.volume.drivers.test_pure.PureISCSIDriverTestCase.test_initialize_connection_with_auth [0.085983s] ... ok
{2} cinder.tests.unit.volume.drivers.test_pure.PureNVMEDriverTestCase.test_connect_already_connected_list_hosts_empty [0.086173s] ... ok
{2} cinder.tests.unit.volume.drivers.test_pure.PureNVMEDriverTestCase.test_connect_already_connected_list_hosts_exception [0.087941s] ... ok
{2} cinder.tests.unit.volume.drivers.test_pure.PureNVMEDriverTestCase.test_get_target_nvme_ports_with_only_fc_ports [0.054610s] ... ok
{2} cinder.tests.unit.volume.drivers.test_pure.PureVolumeGroupsTestCase.test_create_group_snapshot_with_cg [0.050758s] ... ok
{2} cinder.tests.unit.volume.drivers.test_pure.PureVolumeGroupsTestCase.test_for_user_agent [0.043209s] ... ok
{2} cinder.tests.unit.volume.drivers.test_pure.PureVolumeUpdateStatsTestCase.test_get_replication_capability_7 [0.049732s] ... ok

======
Totals
======
Ran: 280 tests in 8.7811 sec.
 - Passed: 280
 - Skipped: 0
 - Expected Fail: 0
 - Unexpected Success: 0
 - Failed: 0
Sum of execute time for each test: 27.1138 sec.

==============
Worker Balance
==============
 - Worker 0 (32 tests) => 0:00:02.956702
 - Worker 1 (34 tests) => 0:00:03.710523
 - Worker 2 (35 tests) => 0:00:03.247171
 - Worker 3 (35 tests) => 0:00:03.546204
 - Worker 4 (35 tests) => 0:00:03.514889
 - Worker 5 (36 tests) => 0:00:03.682664
 - Worker 6 (36 tests) => 0:00:03.515083
 - Worker 7 (37 tests) => 0:00:03.348364
py312: commands[1]> stestr slowest
Test id                                                                                                        Runtime (s)
-------------------------------------------------------------------------------------------------------------  -----------
cinder.tests.unit.volume.drivers.test_pure.PureBaseVolumeDriverGetCurrentArrayTestCase.test_for_user_agent     1.298
cinder.tests.unit.volume.drivers.test_pure.PureBaseVolumeDriverTestCase.test_async_failover_error_propagates   1.148
cinder.tests.unit.volume.drivers.test_pure.PureBaseVolumeDriverTestCase.test__get_volume_type_extra_spec       1.112
cinder.tests.unit.volume.drivers.test_pure.PureBaseVolumeDriverTestCase.test_cleanup_ghostpod                  1.002
cinder.tests.unit.volume.drivers.test_pure.PureBaseVolumeDriverTestCase.test_create_cgsnapshot                 0.829
cinder.tests.unit.volume.drivers.test_pure.PureBaseVolumeDriverTestCase.test_create_cloned_volume_with_cgroup  0.788
cinder.tests.unit.volume.drivers.test_pure.PureBaseVolumeDriverTestCase.test_create_cloned_volume_and_extend   0.695
cinder.tests.unit.volume.drivers.test_pure.PureBaseSharedDriverTestCase.test_for_user_agent                    0.663
cinder.tests.unit.volume.drivers.test_pure.PureBaseVolumeDriverTestCase.test_create_volume_with_qos_1          0.158
cinder.tests.unit.volume.drivers.test_pure.PureBaseVolumeDriverTestCase.test_delete_consistencygroup           0.135
.pkg: _exit> python /opt/stack/cinder/.tox/.tox/lib/python3.12/site-packages/pyproject_api/_backend.py True pbr.build
  py312: OK (76.99=setup[9.47]+cmd[66.36,1.16] seconds)
  congratulations :) (77.64 seconds)
